2020-10-28 14:38:05,376 [INFO] begin to certify google token
2020-10-28 14:38:05,378 [WARNING] file_cache is unavailable when using oauth2client >= 4.0.0 or google-auth
Traceback (most recent call last):
  File "/opt/python3/lib/python3.9/site-packages/googleapiclient/discovery_cache/file_cache.py", line 33, in <module>
    from oauth2client.contrib.locked_file import LockedFile
ModuleNotFoundError: No module named 'oauth2client'

During handling of the above exception, another exception occurred:

Traceback (most recent call last):
  File "/opt/python3/lib/python3.9/site-packages/googleapiclient/discovery_cache/file_cache.py", line 37, in <module>
    from oauth2client.locked_file import LockedFile
ModuleNotFoundError: No module named 'oauth2client'

During handling of the above exception, another exception occurred:

Traceback (most recent call last):
  File "/opt/python3/lib/python3.9/site-packages/googleapiclient/discovery_cache/__init__.py", line 44, in autodetect
    from . import file_cache
  File "/opt/python3/lib/python3.9/site-packages/googleapiclient/discovery_cache/file_cache.py", line 40, in <module>
    raise ImportError(
ImportError: file_cache is unavailable when using oauth2client >= 4.0.0 or google-auth
2020-10-28 14:38:05,378 [DEBUG] URL being requested: GET https://www.googleapis.com/discovery/v1/apis/androidpublisher/v3/rest
2020-10-28 14:38:05,527 [WARNING] Sleeping 1.71 seconds before retry 1 of 1 for request: GET https://www.googleapis.com/discovery/v1/apis/androidpublisher/v3/rest, after [Errno 104] Connection reset by peer
2020-10-28 15:07:47,294 [INFO] begin to certify google token
2020-10-28 15:07:47,295 [DEBUG] URL being requested: GET https://www.googleapis.com/discovery/v1/apis/androidpublisher/v3/rest
2020-10-28 15:07:47,447 [WARNING] Sleeping 1.12 seconds before retry 1 of 1 for request: GET https://www.googleapis.com/discovery/v1/apis/androidpublisher/v3/rest, after [Errno 104] Connection reset by peer
2021-03-25 13:23:47,467 [INFO] begin to certify google token
2021-03-25 13:23:47,475 [DEBUG] URL being requested: GET https://www.googleapis.com/discovery/v1/apis/androidpublisher/v3/rest
2021-03-25 13:24:47,701 [WARNING] Sleeping 0.82 seconds before retry 1 of 1 for request: GET https://www.googleapis.com/discovery/v1/apis/androidpublisher/v3/rest, after timed out
